<?xml version="1.0" encoding="UTF-8"?>
<testsuite xmlns:xsi="http://www.w3.org/2001/XMLSchema-instance" xsi:noNamespaceSchemaLocation="https://maven.apache.org/surefire/maven-surefire-plugin/xsd/surefire-test-report-3.0.xsd" version="3.0" name="edu.utfpr.leftPadTest" time="0.102" tests="18" errors="0" skipped="0" failures="0">
  <properties>
[...]
</properties>
  <testcase name="testStrEmpty" classname="edu.utfpr.leftPadTest" time="0.038"/>
  <testcase name="testSizeMaiorComHifen" classname="edu.utfpr.leftPadTest" time="0.001"/>
  <testcase name="testSizeIgualStrMaisPadStr" classname="edu.utfpr.leftPadTest" time="0.001"/>
  <testcase name="testPadStrComNovaLinha" classname="edu.utfpr.leftPadTest" time="0.001"/>
  <testcase name="testPadStrEmpty" classname="edu.utfpr.leftPadTest" time="0.002"/>
  <testcase name="testSizeNegative" classname="edu.utfpr.leftPadTest" time="0.003"/>
  <testcase name="testPadStringMaior" classname="edu.utfpr.leftPadTest" time="0.001"/>
  <testcase name="testSizeGrande" classname="edu.utfpr.leftPadTest" time="0.001"/>
  <testcase name="testPadComPonto" classname="edu.utfpr.leftPadTest" time="0.001"/>
  <testcase name="testSizeZero" classname="edu.utfpr.leftPadTest" time="0.001"/>
  <testcase name="testPadNumeros" classname="edu.utfpr.leftPadTest" time="0.001"/>
  <testcase name="testSizeIgualPadStr" classname="edu.utfpr.leftPadTest" time="0.001"/>
  <testcase name="testPadStrNull" classname="edu.utfpr.leftPadTest" time="0.001"/>
  <testcase name="testPadStrEspecial" classname="edu.utfpr.leftPadTest" time="0.0"/>
  <testcase name="testSizeIgualString" classname="edu.utfpr.leftPadTest" time="0.001"/>
  <testcase name="testSizeMenorQueString" classname="edu.utfpr.leftPadTest" time="0.0"/>
  <testcase name="testStrNull" classname="edu.utfpr.leftPadTest" time="0.001"/>
  <testcase name="testPadStringEspecifica" classname="edu.utfpr.leftPadTest" time="0.0"/>
</testsuite>